<?xml version="1.0" encoding="UTF-8"?>
<!-- Generated by org.testng.reporters.JUnitReportReporter -->
<testsuite hostname="LAPTOP-3RJ8M5OG" failures="0" tests="1" name="com.verizon.test.Saucedemo.PlaceOrderRest" time="32.974" errors="0" timestamp="2024-10-16T21:08:36 IST" skipped="0">
  <testcase classname="com.verizon.test.Saucedemo.PlaceOrderRest" name="start" time="32.974"/>
</testsuite> <!-- com.verizon.test.Saucedemo.PlaceOrderRest -->
