<?xml version="1.0" encoding="UTF-8"?>
<!-- Generated by org.testng.reporters.JUnitReportReporter -->
<testsuite hostname="LAPTOP-3RJ8M5OG" failures="0" tests="2" name="com.verizon.test.Saucedemo.ErrorValidationTest" time="7.132" errors="0" timestamp="2024-10-17T13:13:31 IST" skipped="0">
  <testcase classname="com.verizon.test.Saucedemo.ErrorValidationTest" name="errorValidate" time="3.288"/>
  <testcase classname="com.verizon.test.Saucedemo.ErrorValidationTest" name="errorValidate" time="3.844"/>
</testsuite> <!-- com.verizon.test.Saucedemo.ErrorValidationTest -->
