<?xml version="1.0" encoding="UTF-8"?>
<!-- Generated by org.testng.reporters.JUnitReportReporter -->
<testsuite hostname="LAPTOP-3RJ8M5OG" failures="0" tests="2" name="com.verizon.test.Saucedemo.PlaceOrderTest" time="14.969" errors="0" timestamp="2024-10-17T13:16:28 IST" skipped="0">
  <testcase classname="com.verizon.test.Saucedemo.PlaceOrderTest" name="PlaceOrder" time="8.310"/>
  <testcase classname="com.verizon.test.Saucedemo.PlaceOrderTest" name="PlaceOrder" time="6.659"/>
</testsuite> <!-- com.verizon.test.Saucedemo.PlaceOrderTest -->
